
*** Running vivado
    with args -log uartSystem.vds -m64 -product Vivado -mode batch -messageDb vivado.pb -notrace -source uartSystem.tcl



****** Vivado v2020.1 (64-bit)
  **** SW Build 2902540 on Wed May 27 19:54:49 MDT 2020
  **** IP Build 2902112 on Wed May 27 22:43:36 MDT 2020
    ** Copyright 1986-2020 Xilinx, Inc. All Rights Reserved.

source uartSystem.tcl -notrace
create_project: Time (s): cpu = 00:00:05 ; elapsed = 00:00:24 . Memory (MB): peak = 1079.234 ; gain = 0.000
Command: synth_design -top uartSystem -part xc7a35tcpg236-1
Starting synth_design
Attempting to get a license for feature 'Synthesis' and/or device 'xc7a35t'
INFO: [Common 17-349] Got license for feature 'Synthesis' and/or device 'xc7a35t'
INFO: [Device 21-403] Loading part xc7a35tcpg236-1
INFO: [Synth 8-7079] Multithreading enabled for synth_design using a maximum of 2 processes.
INFO: [Synth 8-7078] Launching helper process for spawning children vivado processes
INFO: [Synth 8-7075] Helper process launched with PID 15268
WARNING: [Synth 8-2611] redeclaration of ansi port clkDiv is not allowed [D:/Vivado/Workspace/TermProject_2/TermProject_1.srcs/sources_1/new/clockDiv.v:28]
WARNING: [Synth 8-2611] redeclaration of ansi port segments is not allowed [D:/Vivado/Workspace/TermProject_2/TermProject_1.srcs/sources_1/new/hexTo7Segment.v:15]
WARNING: [Synth 8-2611] redeclaration of ansi port success is not allowed [D:/Vivado/Workspace/TermProject_2/TermProject_1.srcs/sources_1/new/receiver.v:9]
WARNING: [Synth 8-2611] redeclaration of ansi port out is not allowed [D:/Vivado/Workspace/TermProject_2/TermProject_1.srcs/sources_1/new/singlePulser.v:28]
---------------------------------------------------------------------------------
Starting RTL Elaboration : Time (s): cpu = 00:00:06 ; elapsed = 00:00:16 . Memory (MB): peak = 1079.234 ; gain = 0.000
---------------------------------------------------------------------------------
INFO: [Synth 8-6157] synthesizing module 'uartSystem' [D:/Vivado/Workspace/TermProject_2/TermProject_1.srcs/sources_1/new/uartSystem.v:23]
INFO: [Synth 8-6157] synthesizing module 'clockDiv' [D:/Vivado/Workspace/TermProject_2/TermProject_1.srcs/sources_1/new/clockDiv.v:23]
INFO: [Synth 8-6155] done synthesizing module 'clockDiv' (1#1) [D:/Vivado/Workspace/TermProject_2/TermProject_1.srcs/sources_1/new/clockDiv.v:23]
INFO: [Synth 8-6157] synthesizing module 'singlePulser' [D:/Vivado/Workspace/TermProject_2/TermProject_1.srcs/sources_1/new/singlePulser.v:22]
INFO: [Synth 8-6155] done synthesizing module 'singlePulser' (2#1) [D:/Vivado/Workspace/TermProject_2/TermProject_1.srcs/sources_1/new/singlePulser.v:22]
INFO: [Synth 8-6157] synthesizing module 'quadSevenSeg' [D:/Vivado/Workspace/TermProject_2/TermProject_1.srcs/sources_1/new/quadSevenSeg.v:23]
INFO: [Synth 8-6157] synthesizing module 'hexTo7segment' [D:/Vivado/Workspace/TermProject_2/TermProject_1.srcs/sources_1/new/hexTo7Segment.v:10]
INFO: [Synth 8-6155] done synthesizing module 'hexTo7segment' (3#1) [D:/Vivado/Workspace/TermProject_2/TermProject_1.srcs/sources_1/new/hexTo7Segment.v:10]
WARNING: [Synth 8-567] referenced signal 'num0' should be on the sensitivity list [D:/Vivado/Workspace/TermProject_2/TermProject_1.srcs/sources_1/new/quadSevenSeg.v:69]
WARNING: [Synth 8-567] referenced signal 'num1' should be on the sensitivity list [D:/Vivado/Workspace/TermProject_2/TermProject_1.srcs/sources_1/new/quadSevenSeg.v:69]
WARNING: [Synth 8-567] referenced signal 'num2' should be on the sensitivity list [D:/Vivado/Workspace/TermProject_2/TermProject_1.srcs/sources_1/new/quadSevenSeg.v:69]
WARNING: [Synth 8-567] referenced signal 'num3' should be on the sensitivity list [D:/Vivado/Workspace/TermProject_2/TermProject_1.srcs/sources_1/new/quadSevenSeg.v:69]
INFO: [Synth 8-6155] done synthesizing module 'quadSevenSeg' (4#1) [D:/Vivado/Workspace/TermProject_2/TermProject_1.srcs/sources_1/new/quadSevenSeg.v:23]
WARNING: [Synth 8-689] width (8) of port connection 'num0' does not match port width (4) of module 'quadSevenSeg' [D:/Vivado/Workspace/TermProject_2/TermProject_1.srcs/sources_1/new/uartSystem.v:86]
WARNING: [Synth 8-689] width (8) of port connection 'num1' does not match port width (4) of module 'quadSevenSeg' [D:/Vivado/Workspace/TermProject_2/TermProject_1.srcs/sources_1/new/uartSystem.v:86]
WARNING: [Synth 8-689] width (8) of port connection 'num2' does not match port width (4) of module 'quadSevenSeg' [D:/Vivado/Workspace/TermProject_2/TermProject_1.srcs/sources_1/new/uartSystem.v:86]
WARNING: [Synth 8-689] width (8) of port connection 'num3' does not match port width (4) of module 'quadSevenSeg' [D:/Vivado/Workspace/TermProject_2/TermProject_1.srcs/sources_1/new/uartSystem.v:86]
INFO: [Synth 8-6157] synthesizing module 'baudrate_gen' [D:/Vivado/Workspace/TermProject_2/TermProject_1.srcs/sources_1/new/baudrate_gen.v:1]
INFO: [Synth 8-6155] done synthesizing module 'baudrate_gen' (5#1) [D:/Vivado/Workspace/TermProject_2/TermProject_1.srcs/sources_1/new/baudrate_gen.v:1]
INFO: [Synth 8-6157] synthesizing module 'transmitter' [D:/Vivado/Workspace/TermProject_2/TermProject_1.srcs/sources_1/new/transmitter.v:1]
INFO: [Synth 8-155] case statement is not full and has no default [D:/Vivado/Workspace/TermProject_2/TermProject_1.srcs/sources_1/new/transmitter.v:28]
INFO: [Synth 8-6155] done synthesizing module 'transmitter' (6#1) [D:/Vivado/Workspace/TermProject_2/TermProject_1.srcs/sources_1/new/transmitter.v:1]
INFO: [Synth 8-6157] synthesizing module 'receiver' [D:/Vivado/Workspace/TermProject_2/TermProject_1.srcs/sources_1/new/receiver.v:1]
INFO: [Synth 8-155] case statement is not full and has no default [D:/Vivado/Workspace/TermProject_2/TermProject_1.srcs/sources_1/new/receiver.v:26]
INFO: [Synth 8-6155] done synthesizing module 'receiver' (7#1) [D:/Vivado/Workspace/TermProject_2/TermProject_1.srcs/sources_1/new/receiver.v:1]
INFO: [Synth 8-6157] synthesizing module 'input_state' [D:/Vivado/Workspace/TermProject_2/TermProject_1.srcs/sources_1/new/input_state.v:23]
INFO: [Synth 8-6155] done synthesizing module 'input_state' (8#1) [D:/Vivado/Workspace/TermProject_2/TermProject_1.srcs/sources_1/new/input_state.v:23]
INFO: [Synth 8-6157] synthesizing module 'calculator' [D:/Vivado/Workspace/TermProject_2/TermProject_1.srcs/sources_1/new/calculator.v:23]
INFO: [Synth 8-6155] done synthesizing module 'calculator' (9#1) [D:/Vivado/Workspace/TermProject_2/TermProject_1.srcs/sources_1/new/calculator.v:23]
INFO: [Synth 8-6157] synthesizing module 'Binary2BCD' [D:/Vivado/Workspace/TermProject_2/TermProject_1.srcs/sources_1/new/Binary2BCD.v:23]
INFO: [Synth 8-6155] done synthesizing module 'Binary2BCD' (10#1) [D:/Vivado/Workspace/TermProject_2/TermProject_1.srcs/sources_1/new/Binary2BCD.v:23]
INFO: [Synth 8-6155] done synthesizing module 'uartSystem' (11#1) [D:/Vivado/Workspace/TermProject_2/TermProject_1.srcs/sources_1/new/uartSystem.v:23]
---------------------------------------------------------------------------------
Finished RTL Elaboration : Time (s): cpu = 00:00:08 ; elapsed = 00:00:21 . Memory (MB): peak = 1125.398 ; gain = 46.164
---------------------------------------------------------------------------------
---------------------------------------------------------------------------------
Start Handling Custom Attributes
---------------------------------------------------------------------------------
---------------------------------------------------------------------------------
Finished Handling Custom Attributes : Time (s): cpu = 00:00:09 ; elapsed = 00:00:26 . Memory (MB): peak = 1125.398 ; gain = 46.164
---------------------------------------------------------------------------------
---------------------------------------------------------------------------------
Finished RTL Optimization Phase 1 : Time (s): cpu = 00:00:09 ; elapsed = 00:00:26 . Memory (MB): peak = 1125.398 ; gain = 46.164
---------------------------------------------------------------------------------
Netlist sorting complete. Time (s): cpu = 00:00:00 ; elapsed = 00:00:00.053 . Memory (MB): peak = 1125.398 ; gain = 0.000
INFO: [Project 1-570] Preparing netlist for logic optimization

Processing XDC Constraints
Initializing timing engine
Parsing XDC File [D:/Vivado/Workspace/TermProject_2/TermProject_1.srcs/constrs_1/new/basys3.xdc]
Finished Parsing XDC File [D:/Vivado/Workspace/TermProject_2/TermProject_1.srcs/constrs_1/new/basys3.xdc]
INFO: [Project 1-236] Implementation specific constraints were found while reading constraint file [D:/Vivado/Workspace/TermProject_2/TermProject_1.srcs/constrs_1/new/basys3.xdc]. These constraints will be ignored for synthesis but will be used in implementation. Impacted constraints are listed in the file [.Xil/uartSystem_propImpl.xdc].
Resolution: To avoid this warning, move constraints listed in [.Xil/uartSystem_propImpl.xdc] to another XDC file and exclude this new file from synthesis with the used_in_synthesis property (File Properties dialog in GUI) and re-run elaboration/synthesis.
Completed Processing XDC Constraints

Netlist sorting complete. Time (s): cpu = 00:00:00 ; elapsed = 00:00:00 . Memory (MB): peak = 1256.656 ; gain = 0.000
INFO: [Project 1-111] Unisim Transformation Summary:
No Unisim elements were transformed.

Constraint Validation Runtime : Time (s): cpu = 00:00:00 ; elapsed = 00:00:00.093 . Memory (MB): peak = 1256.656 ; gain = 0.000
---------------------------------------------------------------------------------
Finished Constraint Validation : Time (s): cpu = 00:00:18 ; elapsed = 00:01:08 . Memory (MB): peak = 1256.656 ; gain = 177.422
---------------------------------------------------------------------------------
---------------------------------------------------------------------------------
Start Loading Part and Timing Information
---------------------------------------------------------------------------------
Loading part: xc7a35tcpg236-1
---------------------------------------------------------------------------------
Finished Loading Part and Timing Information : Time (s): cpu = 00:00:18 ; elapsed = 00:01:08 . Memory (MB): peak = 1256.656 ; gain = 177.422
---------------------------------------------------------------------------------
---------------------------------------------------------------------------------
Start Applying 'set_property' XDC Constraints
---------------------------------------------------------------------------------
---------------------------------------------------------------------------------
Finished applying 'set_property' XDC Constraints : Time (s): cpu = 00:00:18 ; elapsed = 00:01:08 . Memory (MB): peak = 1256.656 ; gain = 177.422
---------------------------------------------------------------------------------
---------------------------------------------------------------------------------
Finished RTL Optimization Phase 2 : Time (s): cpu = 00:00:19 ; elapsed = 00:01:11 . Memory (MB): peak = 1256.656 ; gain = 177.422
---------------------------------------------------------------------------------
INFO: [Synth 8-223] decloning instance 'divTarget' (clockDiv) to 'genblk1[18].div'
---------------------------------------------------------------------------------
Start RTL Component Statistics 
---------------------------------------------------------------------------------
Detailed RTL Component Info : 
+---Adders : 
	   2 Input   32 Bit       Adders := 1     
	   3 Input   27 Bit       Adders := 2     
	   2 Input   15 Bit       Adders := 1     
	   2 Input    8 Bit       Adders := 2     
	   2 Input    4 Bit       Adders := 33    
	   2 Input    3 Bit       Adders := 1     
	   2 Input    2 Bit       Adders := 1     
+---Registers : 
	               27 Bit    Registers := 1     
	                8 Bit    Registers := 5     
	                4 Bit    Registers := 18    
	                2 Bit    Registers := 1     
	                1 Bit    Registers := 44    
+---Muxes : 
	   2 Input   27 Bit        Muxes := 9     
	   2 Input   15 Bit        Muxes := 2     
	   2 Input   14 Bit        Muxes := 1     
	  10 Input    8 Bit        Muxes := 1     
	  15 Input    8 Bit        Muxes := 1     
	   2 Input    8 Bit        Muxes := 1     
	   4 Input    4 Bit        Muxes := 2     
	   2 Input    4 Bit        Muxes := 37    
	  14 Input    4 Bit        Muxes := 1     
	   2 Input    1 Bit        Muxes := 63    
	  10 Input    1 Bit        Muxes := 4     
	   7 Input    1 Bit        Muxes := 3     
	   8 Input    1 Bit        Muxes := 4     
	  11 Input    1 Bit        Muxes := 2     
	   5 Input    1 Bit        Muxes := 3     
	   6 Input    1 Bit        Muxes := 2     
	   3 Input    1 Bit        Muxes := 4     
	   4 Input    1 Bit        Muxes := 3     
	  15 Input    1 Bit        Muxes := 1     
---------------------------------------------------------------------------------
Finished RTL Component Statistics 
---------------------------------------------------------------------------------
---------------------------------------------------------------------------------
Start Part Resource Summary
---------------------------------------------------------------------------------
Part Resources:
DSPs: 90 (col length:60)
BRAMs: 100 (col length: RAMB18 60 RAMB36 30)
---------------------------------------------------------------------------------
Finished Part Resource Summary
---------------------------------------------------------------------------------
---------------------------------------------------------------------------------
Start Cross Boundary and Area Optimization
---------------------------------------------------------------------------------
DSP Report: Generating DSP result0, operation Mode is: A*B.
DSP Report: operator result0 is absorbed into DSP result0.
---------------------------------------------------------------------------------
Finished Cross Boundary and Area Optimization : Time (s): cpu = 00:00:29 ; elapsed = 00:01:26 . Memory (MB): peak = 1256.656 ; gain = 177.422
---------------------------------------------------------------------------------
---------------------------------------------------------------------------------
Start ROM, RAM, DSP and Shift Register Reporting
---------------------------------------------------------------------------------

DSP: Preliminary Mapping	Report (see note below)
+------------+-------------+--------+--------+--------+--------+--------+------+------+------+------+-------+------+------+
|Module Name | DSP Mapping | A Size | B Size | C Size | D Size | P Size | AREG | BREG | CREG | DREG | ADREG | MREG | PREG | 
+------------+-------------+--------+--------+--------+--------+--------+------+------+------+------+-------+------+------+
|calculator  | A*B         | 14     | 14     | -      | -      | 28     | 0    | 0    | -    | -    | -     | 0    | 0    | 
+------------+-------------+--------+--------+--------+--------+--------+------+------+------+------+-------+------+------+

Note: The table above is a preliminary report that shows the DSPs inferred at the current stage of the synthesis flow. Some DSP may be reimplemented as non DSP primitives later in the synthesis flow. Multiple instantiated DSPs are reported only once.
---------------------------------------------------------------------------------
Finished ROM, RAM, DSP and Shift Register Reporting
---------------------------------------------------------------------------------
---------------------------------------------------------------------------------
Start Applying XDC Timing Constraints
---------------------------------------------------------------------------------
---------------------------------------------------------------------------------
Finished Applying XDC Timing Constraints : Time (s): cpu = 00:00:44 ; elapsed = 00:01:47 . Memory (MB): peak = 1261.105 ; gain = 181.871
---------------------------------------------------------------------------------
---------------------------------------------------------------------------------
Start Timing Optimization
---------------------------------------------------------------------------------
---------------------------------------------------------------------------------
Finished Timing Optimization : Time (s): cpu = 00:00:48 ; elapsed = 00:01:51 . Memory (MB): peak = 1334.469 ; gain = 255.234
---------------------------------------------------------------------------------
---------------------------------------------------------------------------------
Start Technology Mapping
---------------------------------------------------------------------------------
---------------------------------------------------------------------------------
Finished Technology Mapping : Time (s): cpu = 00:00:48 ; elapsed = 00:01:51 . Memory (MB): peak = 1344.488 ; gain = 265.254
---------------------------------------------------------------------------------
---------------------------------------------------------------------------------
Start IO Insertion
---------------------------------------------------------------------------------
---------------------------------------------------------------------------------
Start Flattening Before IO Insertion
---------------------------------------------------------------------------------
---------------------------------------------------------------------------------
Finished Flattening Before IO Insertion
---------------------------------------------------------------------------------
---------------------------------------------------------------------------------
Start Final Netlist Cleanup
---------------------------------------------------------------------------------
---------------------------------------------------------------------------------
Finished Final Netlist Cleanup
---------------------------------------------------------------------------------
---------------------------------------------------------------------------------
Finished IO Insertion : Time (s): cpu = 00:00:54 ; elapsed = 00:01:57 . Memory (MB): peak = 1344.488 ; gain = 265.254
---------------------------------------------------------------------------------
---------------------------------------------------------------------------------
Start Renaming Generated Instances
---------------------------------------------------------------------------------
---------------------------------------------------------------------------------
Finished Renaming Generated Instances : Time (s): cpu = 00:00:54 ; elapsed = 00:01:57 . Memory (MB): peak = 1344.488 ; gain = 265.254
---------------------------------------------------------------------------------
---------------------------------------------------------------------------------
Start Rebuilding User Hierarchy
---------------------------------------------------------------------------------
---------------------------------------------------------------------------------
Finished Rebuilding User Hierarchy : Time (s): cpu = 00:00:54 ; elapsed = 00:01:57 . Memory (MB): peak = 1344.488 ; gain = 265.254
---------------------------------------------------------------------------------
---------------------------------------------------------------------------------
Start Renaming Generated Ports
---------------------------------------------------------------------------------
---------------------------------------------------------------------------------
Finished Renaming Generated Ports : Time (s): cpu = 00:00:54 ; elapsed = 00:01:57 . Memory (MB): peak = 1344.488 ; gain = 265.254
---------------------------------------------------------------------------------
---------------------------------------------------------------------------------
Start Handling Custom Attributes
---------------------------------------------------------------------------------
---------------------------------------------------------------------------------
Finished Handling Custom Attributes : Time (s): cpu = 00:00:54 ; elapsed = 00:01:57 . Memory (MB): peak = 1344.488 ; gain = 265.254
---------------------------------------------------------------------------------
---------------------------------------------------------------------------------
Start Renaming Generated Nets
---------------------------------------------------------------------------------
---------------------------------------------------------------------------------
Finished Renaming Generated Nets : Time (s): cpu = 00:00:54 ; elapsed = 00:01:57 . Memory (MB): peak = 1344.488 ; gain = 265.254
---------------------------------------------------------------------------------
---------------------------------------------------------------------------------
Start Writing Synthesis Report
---------------------------------------------------------------------------------

Report BlackBoxes: 
+-+--------------+----------+
| |BlackBox name |Instances |
+-+--------------+----------+
+-+--------------+----------+

Report Cell Usage: 
+------+--------+------+
|      |Cell    |Count |
+------+--------+------+
|1     |BUFG    |     3|
|2     |CARRY4  |   120|
|3     |DSP48E1 |     1|
|4     |LUT1    |    64|
|5     |LUT2    |   113|
|6     |LUT3    |   193|
|7     |LUT4    |    93|
|8     |LUT5    |    71|
|9     |LUT6    |   126|
|10    |FDCE    |    82|
|11    |FDRE    |   124|
|12    |IBUF    |     3|
|13    |OBUF    |    19|
|14    |OBUFT   |    10|
+------+--------+------+
---------------------------------------------------------------------------------
Finished Writing Synthesis Report : Time (s): cpu = 00:00:54 ; elapsed = 00:01:57 . Memory (MB): peak = 1344.488 ; gain = 265.254
---------------------------------------------------------------------------------
Synthesis finished with 0 errors, 0 critical warnings and 0 warnings.
Synthesis Optimization Runtime : Time (s): cpu = 00:00:42 ; elapsed = 00:01:21 . Memory (MB): peak = 1344.488 ; gain = 133.996
Synthesis Optimization Complete : Time (s): cpu = 00:00:54 ; elapsed = 00:01:57 . Memory (MB): peak = 1344.488 ; gain = 265.254
INFO: [Project 1-571] Translating synthesized netlist
Netlist sorting complete. Time (s): cpu = 00:00:00 ; elapsed = 00:00:00.017 . Memory (MB): peak = 1349.348 ; gain = 0.000
INFO: [Netlist 29-17] Analyzing 121 Unisim elements for replacement
INFO: [Netlist 29-28] Unisim Transformation completed in 0 CPU seconds
INFO: [Project 1-570] Preparing netlist for logic optimization
INFO: [Opt 31-138] Pushed 0 inverter(s) to 0 load pin(s).
Netlist sorting complete. Time (s): cpu = 00:00:00 ; elapsed = 00:00:00.001 . Memory (MB): peak = 1349.348 ; gain = 0.000
INFO: [Project 1-111] Unisim Transformation Summary:
No Unisim elements were transformed.

INFO: [Common 17-83] Releasing license: Synthesis
40 Infos, 12 Warnings, 0 Critical Warnings and 0 Errors encountered.
synth_design completed successfully
synth_design: Time (s): cpu = 00:01:03 ; elapsed = 00:02:26 . Memory (MB): peak = 1349.348 ; gain = 270.113
INFO: [Common 17-1381] The checkpoint 'D:/Vivado/Workspace/TermProject_2/TermProject_1.runs/synth_1/uartSystem.dcp' has been generated.
write_checkpoint: Time (s): cpu = 00:00:00 ; elapsed = 00:00:07 . Memory (MB): peak = 1349.348 ; gain = 0.000
INFO: [runtcl-4] Executing : report_utilization -file uartSystem_utilization_synth.rpt -pb uartSystem_utilization_synth.pb
INFO: [Common 17-206] Exiting Vivado at Tue Dec 15 23:54:16 2020...
